{"/home/yashwp/Zemosoo/reactpract/reactappss/Blinklist(Assignment2)/blinklist/src/App.tsx": {"path":"/home/yashwp/Zemosoo/reactpract/reactappss/Blinklist(Assignment2)/blinklist/src/App.tsx","statementMap":{"0":{"start":{"line":14,"column":18},"end":{"line":39,"column":3}},"1":{"start":{"line":14,"column":41},"end":{"line":39,"column":1}},"2":{"start":{"line":60,"column":24},"end":{"line":60,"column":34}},"3":{"start":{"line":62,"column":2},"end":{"line":62,"column":45}},"4":{"start":{"line":62,"column":17},"end":{"line":62,"column":45}},"5":{"start":{"line":68,"column":2},"end":{"line":81,"column":4}}},"fnMap":{"0":{"name":"(anonymous_0)","decl":{"start":{"line":14,"column":29},"end":{"line":14,"column":30}},"loc":{"start":{"line":14,"column":41},"end":{"line":39,"column":1}},"line":14},"1":{"name":"App","decl":{"start":{"line":58,"column":9},"end":{"line":58,"column":12}},"loc":{"start":{"line":58,"column":35},"end":{"line":82,"column":1}},"line":58}},"branchMap":{"0":{"loc":{"start":{"line":62,"column":2},"end":{"line":62,"column":45}},"type":"if","locations":[{"start":{"line":62,"column":2},"end":{"line":62,"column":45}},{"start":{},"end":{}}],"line":62}},"s":{"0":1,"1":0,"2":1,"3":1,"4":1,"5":0},"f":{"0":0,"1":1},"b":{"0":[1,0]},"_coverageSchema":"1a1c01bbd47fc00a2c39e90264f33305004495a9","hash":"0b0fe69207022ca9d5101161cda8497e170ec91e"}
,"/home/yashwp/Zemosoo/reactpract/reactappss/Blinklist(Assignment2)/blinklist/src/components/atoms/ArrowDownIcon/ArrowDownIcon.tsx": {"path":"/home/yashwp/Zemosoo/reactpract/reactappss/Blinklist(Assignment2)/blinklist/src/components/atoms/ArrowDownIcon/ArrowDownIcon.tsx","statementMap":{"0":{"start":{"line":3,"column":27},"end":{"line":9,"column":3}},"1":{"start":{"line":4,"column":2},"end":{"line":8,"column":4}}},"fnMap":{"0":{"name":"(anonymous_0)","decl":{"start":{"line":3,"column":27},"end":{"line":3,"column":28}},"loc":{"start":{"line":3,"column":48},"end":{"line":9,"column":3}},"line":3}},"branchMap":{},"s":{"0":6,"1":5},"f":{"0":5},"b":{},"_coverageSchema":"1a1c01bbd47fc00a2c39e90264f33305004495a9","hash":"d9517edcee368e138963a23f2e683f968d28fe65"}
,"/home/yashwp/Zemosoo/reactpract/reactappss/Blinklist(Assignment2)/blinklist/src/components/atoms/Author/Author.tsx": {"path":"/home/yashwp/Zemosoo/reactpract/reactappss/Blinklist(Assignment2)/blinklist/src/components/atoms/Author/Author.tsx","statementMap":{"0":{"start":{"line":7,"column":18},"end":{"line":16,"column":5}},"1":{"start":{"line":7,"column":41},"end":{"line":16,"column":3}},"2":{"start":{"line":17,"column":22},"end":{"line":26,"column":3}},"3":{"start":{"line":18,"column":18},"end":{"line":18,"column":29}},"4":{"start":{"line":19,"column":4},"end":{"line":25,"column":6}}},"fnMap":{"0":{"name":"(anonymous_0)","decl":{"start":{"line":7,"column":29},"end":{"line":7,"column":30}},"loc":{"start":{"line":7,"column":41},"end":{"line":16,"column":3}},"line":7},"1":{"name":"(anonymous_1)","decl":{"start":{"line":17,"column":22},"end":{"line":17,"column":23}},"loc":{"start":{"line":17,"column":40},"end":{"line":26,"column":3}},"line":17}},"branchMap":{},"s":{"0":7,"1":3,"2":7,"3":3,"4":3},"f":{"0":3,"1":3},"b":{},"_coverageSchema":"1a1c01bbd47fc00a2c39e90264f33305004495a9","hash":"d8fb38084be333dcfdb975cba960e1df47b8fff8"}
,"/home/yashwp/Zemosoo/reactpract/reactappss/Blinklist(Assignment2)/blinklist/src/components/atoms/Avatar/Avatar.tsx": {"path":"/home/yashwp/Zemosoo/reactpract/reactappss/Blinklist(Assignment2)/blinklist/src/components/atoms/Avatar/Avatar.tsx","statementMap":{"0":{"start":{"line":6,"column":15},"end":{"line":13,"column":2}},"1":{"start":{"line":7,"column":18},"end":{"line":7,"column":69}},"2":{"start":{"line":8,"column":2},"end":{"line":12,"column":4}},"3":{"start":{"line":9,"column":3},"end":{"line":9,"column":36}},"4":{"start":{"line":11,"column":4},"end":{"line":11,"column":37}},"5":{"start":{"line":15,"column":19},"end":{"line":23,"column":2}},"6":{"start":{"line":25,"column":20},"end":{"line":36,"column":1}},"7":{"start":{"line":26,"column":4},"end":{"line":35,"column":6}}},"fnMap":{"0":{"name":"(anonymous_0)","decl":{"start":{"line":6,"column":15},"end":{"line":6,"column":16}},"loc":{"start":{"line":6,"column":21},"end":{"line":13,"column":2}},"line":6},"1":{"name":"(anonymous_1)","decl":{"start":{"line":25,"column":20},"end":{"line":25,"column":21}},"loc":{"start":{"line":25,"column":25},"end":{"line":36,"column":1}},"line":25}},"branchMap":{"0":{"loc":{"start":{"line":8,"column":2},"end":{"line":12,"column":4}},"type":"if","locations":[{"start":{"line":8,"column":2},"end":{"line":12,"column":4}},{"start":{"line":10,"column":7},"end":{"line":12,"column":4}}],"line":8}},"s":{"0":7,"1":0,"2":0,"3":0,"4":0,"5":7,"6":7,"7":4},"f":{"0":0,"1":4},"b":{"0":[0,0]},"_coverageSchema":"1a1c01bbd47fc00a2c39e90264f33305004495a9","hash":"6388094fd352df3ccd42d216d02f8fe5d2e5d745"}
,"/home/yashwp/Zemosoo/reactpract/reactappss/Blinklist(Assignment2)/blinklist/src/components/atoms/BlinkListLogo/BlinkListLogo.tsx": {"path":"/home/yashwp/Zemosoo/reactpract/reactappss/Blinklist(Assignment2)/blinklist/src/components/atoms/BlinkListLogo/BlinkListLogo.tsx","statementMap":{"0":{"start":{"line":3,"column":2},"end":{"line":38,"column":4}}},"fnMap":{"0":{"name":"BlinkListLogo","decl":{"start":{"line":2,"column":9},"end":{"line":2,"column":22}},"loc":{"start":{"line":2,"column":25},"end":{"line":39,"column":1}},"line":2}},"branchMap":{},"s":{"0":4},"f":{"0":4},"b":{},"_coverageSchema":"1a1c01bbd47fc00a2c39e90264f33305004495a9","hash":"7394f145879bfedb2c7de985465feab5e28931af"}
,"/home/yashwp/Zemosoo/reactpract/reactappss/Blinklist(Assignment2)/blinklist/src/components/atoms/BookTitle/BookTitle.tsx": {"path":"/home/yashwp/Zemosoo/reactpract/reactappss/Blinklist(Assignment2)/blinklist/src/components/atoms/BookTitle/BookTitle.tsx","statementMap":{"0":{"start":{"line":7,"column":18},"end":{"line":16,"column":5}},"1":{"start":{"line":7,"column":41},"end":{"line":16,"column":3}},"2":{"start":{"line":17,"column":25},"end":{"line":26,"column":3}},"3":{"start":{"line":18,"column":18},"end":{"line":18,"column":29}},"4":{"start":{"line":19,"column":4},"end":{"line":25,"column":6}}},"fnMap":{"0":{"name":"(anonymous_0)","decl":{"start":{"line":7,"column":29},"end":{"line":7,"column":30}},"loc":{"start":{"line":7,"column":41},"end":{"line":16,"column":3}},"line":7},"1":{"name":"(anonymous_1)","decl":{"start":{"line":17,"column":25},"end":{"line":17,"column":26}},"loc":{"start":{"line":17,"column":43},"end":{"line":26,"column":3}},"line":17}},"branchMap":{},"s":{"0":7,"1":3,"2":7,"3":3,"4":3},"f":{"0":3,"1":3},"b":{},"_coverageSchema":"1a1c01bbd47fc00a2c39e90264f33305004495a9","hash":"2d730b67c7d140a27286f8e776a62444c93285c0"}
,"/home/yashwp/Zemosoo/reactpract/reactappss/Blinklist(Assignment2)/blinklist/src/components/atoms/Button007/Button007.tsx": {"path":"/home/yashwp/Zemosoo/reactpract/reactappss/Blinklist(Assignment2)/blinklist/src/components/atoms/Button007/Button007.tsx","statementMap":{"0":{"start":{"line":8,"column":23},"end":{"line":17,"column":1}},"1":{"start":{"line":10,"column":2},"end":{"line":16,"column":3}}},"fnMap":{"0":{"name":"(anonymous_0)","decl":{"start":{"line":8,"column":23},"end":{"line":8,"column":24}},"loc":{"start":{"line":8,"column":66},"end":{"line":17,"column":1}},"line":8}},"branchMap":{},"s":{"0":1,"1":1},"f":{"0":1},"b":{},"_coverageSchema":"1a1c01bbd47fc00a2c39e90264f33305004495a9","hash":"504f1dc047e29abf367cd514914731edc2b0d44a"}
,"/home/yashwp/Zemosoo/reactpract/reactappss/Blinklist(Assignment2)/blinklist/src/components/atoms/More/More.tsx": {"path":"/home/yashwp/Zemosoo/reactpract/reactappss/Blinklist(Assignment2)/blinklist/src/components/atoms/More/More.tsx","statementMap":{"0":{"start":{"line":5,"column":18},"end":{"line":11,"column":5}},"1":{"start":{"line":5,"column":41},"end":{"line":11,"column":3}},"2":{"start":{"line":13,"column":22},"end":{"line":20,"column":1}},"3":{"start":{"line":14,"column":18},"end":{"line":14,"column":29}},"4":{"start":{"line":15,"column":2},"end":{"line":19,"column":4}}},"fnMap":{"0":{"name":"(anonymous_0)","decl":{"start":{"line":5,"column":29},"end":{"line":5,"column":30}},"loc":{"start":{"line":5,"column":41},"end":{"line":11,"column":3}},"line":5},"1":{"name":"(anonymous_1)","decl":{"start":{"line":13,"column":22},"end":{"line":13,"column":23}},"loc":{"start":{"line":13,"column":28},"end":{"line":20,"column":1}},"line":13}},"branchMap":{},"s":{"0":2,"1":1,"2":2,"3":1,"4":1},"f":{"0":1,"1":1},"b":{},"_coverageSchema":"1a1c01bbd47fc00a2c39e90264f33305004495a9","hash":"29c40a1b02a9b31c9836d14d9fe0ee55eb17550b"}
,"/home/yashwp/Zemosoo/reactpract/reactappss/Blinklist(Assignment2)/blinklist/src/components/atoms/MyLibraryHeading/MyLibraryHeading.tsx": {"path":"/home/yashwp/Zemosoo/reactpract/reactappss/Blinklist(Assignment2)/blinklist/src/components/atoms/MyLibraryHeading/MyLibraryHeading.tsx","statementMap":{"0":{"start":{"line":2,"column":31},"end":{"line":12,"column":2}},"1":{"start":{"line":4,"column":4},"end":{"line":11,"column":5}}},"fnMap":{"0":{"name":"(anonymous_0)","decl":{"start":{"line":2,"column":31},"end":{"line":2,"column":32}},"loc":{"start":{"line":2,"column":36},"end":{"line":12,"column":2}},"line":2}},"branchMap":{},"s":{"0":4,"1":2},"f":{"0":2},"b":{},"_coverageSchema":"1a1c01bbd47fc00a2c39e90264f33305004495a9","hash":"a8629347670f9f2cac7f49085462f393ba1a647c"}
,"/home/yashwp/Zemosoo/reactpract/reactappss/Blinklist(Assignment2)/blinklist/src/components/atoms/SearchIcon/SearchIcon.tsx": {"path":"/home/yashwp/Zemosoo/reactpract/reactappss/Blinklist(Assignment2)/blinklist/src/components/atoms/SearchIcon/SearchIcon.tsx","statementMap":{"0":{"start":{"line":4,"column":24},"end":{"line":10,"column":1}},"1":{"start":{"line":5,"column":2},"end":{"line":9,"column":4}}},"fnMap":{"0":{"name":"(anonymous_0)","decl":{"start":{"line":4,"column":24},"end":{"line":4,"column":25}},"loc":{"start":{"line":4,"column":29},"end":{"line":10,"column":1}},"line":4}},"branchMap":{},"s":{"0":6,"1":3},"f":{"0":3},"b":{},"_coverageSchema":"1a1c01bbd47fc00a2c39e90264f33305004495a9","hash":"762e6eb096c7b48502083967cc90f355707725cb"}
,"/home/yashwp/Zemosoo/reactpract/reactappss/Blinklist(Assignment2)/blinklist/src/components/molecules/AvatarDropDown/AvatarDropDown.tsx": {"path":"/home/yashwp/Zemosoo/reactpract/reactappss/Blinklist(Assignment2)/blinklist/src/components/molecules/AvatarDropDown/AvatarDropDown.tsx","statementMap":{"0":{"start":{"line":5,"column":28},"end":{"line":16,"column":1}},"1":{"start":{"line":6,"column":4},"end":{"line":15,"column":6}}},"fnMap":{"0":{"name":"(anonymous_0)","decl":{"start":{"line":5,"column":28},"end":{"line":5,"column":29}},"loc":{"start":{"line":5,"column":33},"end":{"line":16,"column":1}},"line":5}},"branchMap":{},"s":{"0":6,"1":3},"f":{"0":3},"b":{},"_coverageSchema":"1a1c01bbd47fc00a2c39e90264f33305004495a9","hash":"266ec349c327082f1c8087cb28d4fcd44295fedc"}
,"/home/yashwp/Zemosoo/reactpract/reactappss/Blinklist(Assignment2)/blinklist/src/components/molecules/EntraprenaurExplore/EntraprenaurExplore.tsx": {"path":"/home/yashwp/Zemosoo/reactpract/reactappss/Blinklist(Assignment2)/blinklist/src/components/molecules/EntraprenaurExplore/EntraprenaurExplore.tsx","statementMap":{"0":{"start":{"line":4,"column":2},"end":{"line":55,"column":9}}},"fnMap":{"0":{"name":"EntraprenaurExplore","decl":{"start":{"line":3,"column":9},"end":{"line":3,"column":28}},"loc":{"start":{"line":3,"column":31},"end":{"line":56,"column":1}},"line":3}},"branchMap":{},"s":{"0":2},"f":{"0":2},"b":{},"_coverageSchema":"1a1c01bbd47fc00a2c39e90264f33305004495a9","hash":"499d1d72571aa6a64dfee0e48d65f18ac2877fa7"}
,"/home/yashwp/Zemosoo/reactpract/reactappss/Blinklist(Assignment2)/blinklist/src/components/molecules/LoginButton/LoginButton.tsx": {"path":"/home/yashwp/Zemosoo/reactpract/reactappss/Blinklist(Assignment2)/blinklist/src/components/molecules/LoginButton/LoginButton.tsx","statementMap":{"0":{"start":{"line":4,"column":20},"end":{"line":8,"column":1}},"1":{"start":{"line":5,"column":32},"end":{"line":5,"column":42}},"2":{"start":{"line":7,"column":2},"end":{"line":7,"column":69}},"3":{"start":{"line":7,"column":32},"end":{"line":7,"column":51}}},"fnMap":{"0":{"name":"(anonymous_0)","decl":{"start":{"line":4,"column":20},"end":{"line":4,"column":21}},"loc":{"start":{"line":4,"column":26},"end":{"line":8,"column":1}},"line":4},"1":{"name":"(anonymous_1)","decl":{"start":{"line":7,"column":26},"end":{"line":7,"column":27}},"loc":{"start":{"line":7,"column":32},"end":{"line":7,"column":51}},"line":7}},"branchMap":{},"s":{"0":3,"1":1,"2":1,"3":0},"f":{"0":1,"1":0},"b":{},"_coverageSchema":"1a1c01bbd47fc00a2c39e90264f33305004495a9","hash":"8b517f61f281b435528148b8646609d72021c126"}
,"/home/yashwp/Zemosoo/reactpract/reactappss/Blinklist(Assignment2)/blinklist/src/components/molecules/LogoutButton/LogoutButton.tsx": {"path":"/home/yashwp/Zemosoo/reactpract/reactappss/Blinklist(Assignment2)/blinklist/src/components/molecules/LogoutButton/LogoutButton.tsx","statementMap":{"0":{"start":{"line":4,"column":21},"end":{"line":12,"column":1}},"1":{"start":{"line":5,"column":21},"end":{"line":5,"column":31}},"2":{"start":{"line":7,"column":2},"end":{"line":11,"column":4}},"3":{"start":{"line":8,"column":27},"end":{"line":8,"column":71}}},"fnMap":{"0":{"name":"(anonymous_0)","decl":{"start":{"line":4,"column":21},"end":{"line":4,"column":22}},"loc":{"start":{"line":4,"column":27},"end":{"line":12,"column":1}},"line":4},"1":{"name":"(anonymous_1)","decl":{"start":{"line":8,"column":21},"end":{"line":8,"column":22}},"loc":{"start":{"line":8,"column":27},"end":{"line":8,"column":71}},"line":8}},"branchMap":{},"s":{"0":8,"1":5,"2":5,"3":0},"f":{"0":5,"1":0},"b":{},"_coverageSchema":"1a1c01bbd47fc00a2c39e90264f33305004495a9","hash":"5b7be3e40c892206d9989dc0f9628f57cde9ae2c"}
,"/home/yashwp/Zemosoo/reactpract/reactappss/Blinklist(Assignment2)/blinklist/src/components/molecules/NavDropDown/NavDropDown.tsx": {"path":"/home/yashwp/Zemosoo/reactpract/reactappss/Blinklist(Assignment2)/blinklist/src/components/molecules/NavDropDown/NavDropDown.tsx","statementMap":{"0":{"start":{"line":2,"column":26},"end":{"line":11,"column":1}},"1":{"start":{"line":3,"column":2},"end":{"line":10,"column":4}}},"fnMap":{"0":{"name":"(anonymous_0)","decl":{"start":{"line":2,"column":26},"end":{"line":2,"column":27}},"loc":{"start":{"line":2,"column":41},"end":{"line":11,"column":1}},"line":2}},"branchMap":{},"s":{"0":6,"1":3},"f":{"0":3},"b":{},"_coverageSchema":"1a1c01bbd47fc00a2c39e90264f33305004495a9","hash":"debafd887514dc645b313d90dc0c1cdc65fd32e1"}
,"/home/yashwp/Zemosoo/reactpract/reactappss/Blinklist(Assignment2)/blinklist/src/components/molecules/ReadTime/ReadTime.tsx": {"path":"/home/yashwp/Zemosoo/reactpract/reactappss/Blinklist(Assignment2)/blinklist/src/components/molecules/ReadTime/ReadTime.tsx","statementMap":{"0":{"start":{"line":13,"column":18},"end":{"line":48,"column":3}},"1":{"start":{"line":13,"column":41},"end":{"line":48,"column":1}},"2":{"start":{"line":60,"column":17},"end":{"line":75,"column":1}},"3":{"start":{"line":62,"column":18},"end":{"line":62,"column":29}},"4":{"start":{"line":63,"column":2},"end":{"line":74,"column":4}}},"fnMap":{"0":{"name":"(anonymous_0)","decl":{"start":{"line":13,"column":29},"end":{"line":13,"column":30}},"loc":{"start":{"line":13,"column":41},"end":{"line":48,"column":1}},"line":13},"1":{"name":"(anonymous_1)","decl":{"start":{"line":60,"column":17},"end":{"line":60,"column":18}},"loc":{"start":{"line":60,"column":37},"end":{"line":75,"column":1}},"line":60}},"branchMap":{},"s":{"0":7,"1":3,"2":7,"3":3,"4":3},"f":{"0":3,"1":3},"b":{},"_coverageSchema":"1a1c01bbd47fc00a2c39e90264f33305004495a9","hash":"93ed968b219513c6028df9b4af787153f2668c1e"}
,"/home/yashwp/Zemosoo/reactpract/reactappss/Blinklist(Assignment2)/blinklist/src/components/organisms/BookPage/BookPage.tsx": {"path":"/home/yashwp/Zemosoo/reactpract/reactappss/Blinklist(Assignment2)/blinklist/src/components/organisms/BookPage/BookPage.tsx","statementMap":{"0":{"start":{"line":24,"column":18},"end":{"line":112,"column":3}},"1":{"start":{"line":24,"column":41},"end":{"line":112,"column":1}},"2":{"start":{"line":114,"column":19},"end":{"line":134,"column":2}},"3":{"start":{"line":136,"column":14},"end":{"line":158,"column":2}},"4":{"start":{"line":175,"column":18},"end":{"line":175,"column":29}},"5":{"start":{"line":177,"column":17},"end":{"line":177,"column":28}},"6":{"start":{"line":188,"column":6},"end":{"line":190,"column":7}},"7":{"start":{"line":189,"column":4},"end":{"line":189,"column":37}},"8":{"start":{"line":192,"column":30},"end":{"line":192,"column":63}},"9":{"start":{"line":194,"column":2},"end":{"line":345,"column":4}},"10":{"start":{"line":250,"column":44},"end":{"line":250,"column":62}},"11":{"start":{"line":251,"column":26},"end":{"line":251,"column":66}},"12":{"start":{"line":252,"column":26},"end":{"line":252,"column":52}},"13":{"start":{"line":253,"column":26},"end":{"line":253,"column":45}},"14":{"start":{"line":272,"column":44},"end":{"line":272,"column":62}},"15":{"start":{"line":273,"column":26},"end":{"line":273,"column":65}},"16":{"start":{"line":274,"column":26},"end":{"line":274,"column":52}},"17":{"start":{"line":275,"column":26},"end":{"line":275,"column":45}}},"fnMap":{"0":{"name":"(anonymous_0)","decl":{"start":{"line":24,"column":29},"end":{"line":24,"column":30}},"loc":{"start":{"line":24,"column":41},"end":{"line":112,"column":1}},"line":24},"1":{"name":"BookPage","decl":{"start":{"line":174,"column":9},"end":{"line":174,"column":17}},"loc":{"start":{"line":174,"column":40},"end":{"line":346,"column":1}},"line":174},"2":{"name":"(anonymous_2)","decl":{"start":{"line":188,"column":27},"end":{"line":188,"column":28}},"loc":{"start":{"line":188,"column":37},"end":{"line":190,"column":3}},"line":188},"3":{"name":"(anonymous_3)","decl":{"start":{"line":249,"column":33},"end":{"line":249,"column":34}},"loc":{"start":{"line":249,"column":39},"end":{"line":254,"column":25}},"line":249},"4":{"name":"(anonymous_4)","decl":{"start":{"line":271,"column":33},"end":{"line":271,"column":34}},"loc":{"start":{"line":271,"column":39},"end":{"line":276,"column":25}},"line":271}},"branchMap":{"0":{"loc":{"start":{"line":248,"column":34},"end":{"line":248,"column":55}},"type":"cond-expr","locations":[{"start":{"line":248,"column":43},"end":{"line":248,"column":48}},{"start":{"line":248,"column":51},"end":{"line":248,"column":55}}],"line":248},"1":{"loc":{"start":{"line":270,"column":34},"end":{"line":270,"column":55}},"type":"cond-expr","locations":[{"start":{"line":270,"column":43},"end":{"line":270,"column":47}},{"start":{"line":270,"column":50},"end":{"line":270,"column":55}}],"line":270}},"s":{"0":1,"1":1,"2":1,"3":1,"4":3,"5":2,"6":2,"7":2,"8":2,"9":0,"10":0,"11":0,"12":0,"13":0,"14":0,"15":0,"16":0,"17":0},"f":{"0":1,"1":3,"2":2,"3":0,"4":0},"b":{"0":[0,0],"1":[0,0]},"_coverageSchema":"1a1c01bbd47fc00a2c39e90264f33305004495a9","hash":"105390cded1ca8d30ce650313c61195f08c59578"}
,"/home/yashwp/Zemosoo/reactpract/reactappss/Blinklist(Assignment2)/blinklist/src/components/organisms/BooksTabs/BooksTabs.tsx": {"path":"/home/yashwp/Zemosoo/reactpract/reactappss/Blinklist(Assignment2)/blinklist/src/components/organisms/BooksTabs/BooksTabs.tsx","statementMap":{"0":{"start":{"line":9,"column":18},"end":{"line":28,"column":2}},"1":{"start":{"line":37,"column":47},"end":{"line":37,"column":52}},"2":{"start":{"line":39,"column":2},"end":{"line":53,"column":4}},"3":{"start":{"line":57,"column":2},"end":{"line":60,"column":4}},"4":{"start":{"line":64,"column":18},"end":{"line":64,"column":29}},"5":{"start":{"line":65,"column":28},"end":{"line":65,"column":45}},"6":{"start":{"line":67,"column":23},"end":{"line":69,"column":3}},"7":{"start":{"line":68,"column":4},"end":{"line":68,"column":23}},"8":{"start":{"line":71,"column":2},"end":{"line":142,"column":4}}},"fnMap":{"0":{"name":"BookTabPanel","decl":{"start":{"line":36,"column":9},"end":{"line":36,"column":21}},"loc":{"start":{"line":36,"column":44},"end":{"line":54,"column":1}},"line":36},"1":{"name":"a11yPropsBook","decl":{"start":{"line":56,"column":9},"end":{"line":56,"column":22}},"loc":{"start":{"line":56,"column":38},"end":{"line":61,"column":1}},"line":56},"2":{"name":"BookTabs","decl":{"start":{"line":63,"column":24},"end":{"line":63,"column":32}},"loc":{"start":{"line":63,"column":35},"end":{"line":143,"column":1}},"line":63},"3":{"name":"(anonymous_3)","decl":{"start":{"line":67,"column":23},"end":{"line":67,"column":24}},"loc":{"start":{"line":67,"column":74},"end":{"line":69,"column":3}},"line":67}},"branchMap":{"0":{"loc":{"start":{"line":47,"column":7},"end":{"line":51,"column":7}},"type":"binary-expr","locations":[{"start":{"line":47,"column":7},"end":{"line":47,"column":22}},{"start":{"line":48,"column":8},"end":{"line":50,"column":14}}],"line":47}},"s":{"0":2,"1":4,"2":3,"3":3,"4":2,"5":1,"6":1,"7":0,"8":1},"f":{"0":4,"1":3,"2":2,"3":0},"b":{"0":[3,1]},"_coverageSchema":"1a1c01bbd47fc00a2c39e90264f33305004495a9","hash":"e532fd61c7c8438aecfd1bde3c644c3edede3101"}
,"/home/yashwp/Zemosoo/reactpract/reactappss/Blinklist(Assignment2)/blinklist/src/components/organisms/ExploreBox/ExploreBox.tsx": {"path":"/home/yashwp/Zemosoo/reactpract/reactappss/Blinklist(Assignment2)/blinklist/src/components/organisms/ExploreBox/ExploreBox.tsx","statementMap":{"0":{"start":{"line":18,"column":13},"end":{"line":23,"column":3}},"1":{"start":{"line":18,"column":43},"end":{"line":23,"column":1}},"2":{"start":{"line":25,"column":18},"end":{"line":29,"column":1}},"3":{"start":{"line":31,"column":18},"end":{"line":52,"column":3}},"4":{"start":{"line":31,"column":41},"end":{"line":52,"column":1}},"5":{"start":{"line":54,"column":15},"end":{"line":62,"column":2}},"6":{"start":{"line":64,"column":18},"end":{"line":67,"column":1}},"7":{"start":{"line":65,"column":14},"end":{"line":65,"column":61}},"8":{"start":{"line":66,"column":2},"end":{"line":66,"column":32}},"9":{"start":{"line":69,"column":22},"end":{"line":72,"column":1}},"10":{"start":{"line":70,"column":15},"end":{"line":70,"column":62}},"11":{"start":{"line":71,"column":2},"end":{"line":71,"column":30}},"12":{"start":{"line":74,"column":24},"end":{"line":252,"column":1}},"13":{"start":{"line":75,"column":18},"end":{"line":75,"column":29}},"14":{"start":{"line":76,"column":2},"end":{"line":251,"column":4}}},"fnMap":{"0":{"name":"(anonymous_0)","decl":{"start":{"line":18,"column":27},"end":{"line":18,"column":28}},"loc":{"start":{"line":18,"column":43},"end":{"line":23,"column":1}},"line":18},"1":{"name":"(anonymous_1)","decl":{"start":{"line":31,"column":29},"end":{"line":31,"column":30}},"loc":{"start":{"line":31,"column":41},"end":{"line":52,"column":1}},"line":31},"2":{"name":"(anonymous_2)","decl":{"start":{"line":64,"column":18},"end":{"line":64,"column":19}},"loc":{"start":{"line":64,"column":24},"end":{"line":67,"column":1}},"line":64},"3":{"name":"(anonymous_3)","decl":{"start":{"line":69,"column":22},"end":{"line":69,"column":23}},"loc":{"start":{"line":69,"column":28},"end":{"line":72,"column":1}},"line":69},"4":{"name":"(anonymous_4)","decl":{"start":{"line":74,"column":24},"end":{"line":74,"column":25}},"loc":{"start":{"line":74,"column":29},"end":{"line":252,"column":1}},"line":74}},"branchMap":{},"s":{"0":6,"1":0,"2":6,"3":6,"4":3,"5":6,"6":6,"7":0,"8":0,"9":6,"10":0,"11":0,"12":6,"13":3,"14":3},"f":{"0":0,"1":3,"2":0,"3":0,"4":3},"b":{},"_coverageSchema":"1a1c01bbd47fc00a2c39e90264f33305004495a9","hash":"0a9f90a0053fbb8bc35aaa007be6949df508a1f1"}
,"/home/yashwp/Zemosoo/reactpract/reactappss/Blinklist(Assignment2)/blinklist/src/components/organisms/Footer/Footer.tsx": {"path":"/home/yashwp/Zemosoo/reactpract/reactappss/Blinklist(Assignment2)/blinklist/src/components/organisms/Footer/Footer.tsx","statementMap":{"0":{"start":{"line":10,"column":18},"end":{"line":21,"column":5}},"1":{"start":{"line":10,"column":41},"end":{"line":21,"column":3}},"2":{"start":{"line":24,"column":18},"end":{"line":24,"column":29}},"3":{"start":{"line":25,"column":2},"end":{"line":137,"column":4}}},"fnMap":{"0":{"name":"(anonymous_0)","decl":{"start":{"line":10,"column":29},"end":{"line":10,"column":30}},"loc":{"start":{"line":10,"column":41},"end":{"line":21,"column":3}},"line":10},"1":{"name":"Footer","decl":{"start":{"line":23,"column":24},"end":{"line":23,"column":30}},"loc":{"start":{"line":23,"column":33},"end":{"line":138,"column":1}},"line":23}},"branchMap":{},"s":{"0":5,"1":2,"2":2,"3":2},"f":{"0":2,"1":2},"b":{},"_coverageSchema":"1a1c01bbd47fc00a2c39e90264f33305004495a9","hash":"5feb216b1d25494cbbac409138284389b51dccb1"}
,"/home/yashwp/Zemosoo/reactpract/reactappss/Blinklist(Assignment2)/blinklist/src/components/organisms/Header/Header.tsx": {"path":"/home/yashwp/Zemosoo/reactpract/reactappss/Blinklist(Assignment2)/blinklist/src/components/organisms/Header/Header.tsx","statementMap":{"0":{"start":{"line":16,"column":17},"end":{"line":23,"column":4}},"1":{"start":{"line":17,"column":20},"end":{"line":17,"column":73}},"2":{"start":{"line":18,"column":4},"end":{"line":22,"column":6}},"3":{"start":{"line":19,"column":5},"end":{"line":19,"column":38}},"4":{"start":{"line":21,"column":6},"end":{"line":21,"column":39}},"5":{"start":{"line":28,"column":19},"end":{"line":36,"column":2}},"6":{"start":{"line":38,"column":19},"end":{"line":57,"column":3}},"7":{"start":{"line":38,"column":42},"end":{"line":57,"column":1}},"8":{"start":{"line":60,"column":18},"end":{"line":60,"column":29}},"9":{"start":{"line":62,"column":4},"end":{"line":83,"column":6}}},"fnMap":{"0":{"name":"(anonymous_0)","decl":{"start":{"line":16,"column":17},"end":{"line":16,"column":18}},"loc":{"start":{"line":16,"column":23},"end":{"line":23,"column":4}},"line":16},"1":{"name":"(anonymous_1)","decl":{"start":{"line":38,"column":30},"end":{"line":38,"column":31}},"loc":{"start":{"line":38,"column":42},"end":{"line":57,"column":1}},"line":38},"2":{"name":"Header","decl":{"start":{"line":59,"column":9},"end":{"line":59,"column":15}},"loc":{"start":{"line":59,"column":18},"end":{"line":84,"column":3}},"line":59}},"branchMap":{"0":{"loc":{"start":{"line":18,"column":4},"end":{"line":22,"column":6}},"type":"if","locations":[{"start":{"line":18,"column":4},"end":{"line":22,"column":6}},{"start":{"line":20,"column":9},"end":{"line":22,"column":6}}],"line":18}},"s":{"0":5,"1":0,"2":0,"3":0,"4":0,"5":5,"6":5,"7":2,"8":2,"9":2},"f":{"0":0,"1":2,"2":2},"b":{"0":[0,0]},"_coverageSchema":"1a1c01bbd47fc00a2c39e90264f33305004495a9","hash":"f8ddef4dce82358fb3d48c9ee090aec47ac5c1bb"}
,"/home/yashwp/Zemosoo/reactpract/reactappss/Blinklist(Assignment2)/blinklist/src/components/organisms/MainPage/MainPage.tsx": {"path":"/home/yashwp/Zemosoo/reactpract/reactappss/Blinklist(Assignment2)/blinklist/src/components/organisms/MainPage/MainPage.tsx","statementMap":{"0":{"start":{"line":18,"column":18},"end":{"line":53,"column":3}},"1":{"start":{"line":18,"column":41},"end":{"line":53,"column":1}},"2":{"start":{"line":74,"column":24},"end":{"line":74,"column":34}},"3":{"start":{"line":76,"column":2},"end":{"line":76,"column":64}},"4":{"start":{"line":76,"column":17},"end":{"line":76,"column":64}},"5":{"start":{"line":79,"column":36},"end":{"line":79,"column":46}},"6":{"start":{"line":82,"column":18},"end":{"line":82,"column":29}},"7":{"start":{"line":84,"column":2},"end":{"line":117,"column":3}}},"fnMap":{"0":{"name":"(anonymous_0)","decl":{"start":{"line":18,"column":29},"end":{"line":18,"column":30}},"loc":{"start":{"line":18,"column":41},"end":{"line":53,"column":1}},"line":18},"1":{"name":"MainPage","decl":{"start":{"line":72,"column":9},"end":{"line":72,"column":17}},"loc":{"start":{"line":72,"column":40},"end":{"line":118,"column":1}},"line":72}},"branchMap":{"0":{"loc":{"start":{"line":76,"column":2},"end":{"line":76,"column":64}},"type":"if","locations":[{"start":{"line":76,"column":2},"end":{"line":76,"column":64}},{"start":{},"end":{}}],"line":76},"1":{"loc":{"start":{"line":85,"column":4},"end":{"line":114,"column":8}},"type":"cond-expr","locations":[{"start":{"line":85,"column":31},"end":{"line":109,"column":10}},{"start":{"line":111,"column":4},"end":{"line":114,"column":8}}],"line":85}},"s":{"0":2,"1":0,"2":1,"3":1,"4":1,"5":0,"6":0,"7":0},"f":{"0":0,"1":1},"b":{"0":[1,0],"1":[0,0]},"_coverageSchema":"1a1c01bbd47fc00a2c39e90264f33305004495a9","hash":"59a07e8210d6c16c6d8d90835842431327a6ad92"}
,"/home/yashwp/Zemosoo/reactpract/reactappss/Blinklist(Assignment2)/blinklist/src/components/organisms/SimpleTabs/SimpleTabs.tsx": {"path":"/home/yashwp/Zemosoo/reactpract/reactappss/Blinklist(Assignment2)/blinklist/src/components/organisms/SimpleTabs/SimpleTabs.tsx","statementMap":{"0":{"start":{"line":19,"column":12},"end":{"line":28,"column":1}},"1":{"start":{"line":37,"column":47},"end":{"line":37,"column":52}},"2":{"start":{"line":41,"column":2},"end":{"line":55,"column":4}},"3":{"start":{"line":59,"column":2},"end":{"line":62,"column":4}},"4":{"start":{"line":65,"column":18},"end":{"line":98,"column":3}},"5":{"start":{"line":65,"column":48},"end":{"line":98,"column":1}},"6":{"start":{"line":100,"column":16},"end":{"line":107,"column":2}},"7":{"start":{"line":112,"column":15},"end":{"line":149,"column":1}},"8":{"start":{"line":112,"column":49},"end":{"line":112,"column":81}},"9":{"start":{"line":113,"column":18},"end":{"line":148,"column":3}},"10":{"start":{"line":166,"column":18},"end":{"line":166,"column":31}},"11":{"start":{"line":167,"column":18},"end":{"line":167,"column":29}},"12":{"start":{"line":168,"column":28},"end":{"line":168,"column":45}},"13":{"start":{"line":183,"column":23},"end":{"line":185,"column":3}},"14":{"start":{"line":184,"column":4},"end":{"line":184,"column":23}},"15":{"start":{"line":188,"column":14},"end":{"line":188,"column":27}},"16":{"start":{"line":189,"column":17},"end":{"line":189,"column":31}},"17":{"start":{"line":190,"column":2},"end":{"line":219,"column":4}}},"fnMap":{"0":{"name":"TabPanel","decl":{"start":{"line":36,"column":9},"end":{"line":36,"column":17}},"loc":{"start":{"line":36,"column":40},"end":{"line":56,"column":1}},"line":36},"1":{"name":"a11yProps","decl":{"start":{"line":58,"column":9},"end":{"line":58,"column":18}},"loc":{"start":{"line":58,"column":31},"end":{"line":63,"column":1}},"line":58},"2":{"name":"(anonymous_2)","decl":{"start":{"line":65,"column":29},"end":{"line":65,"column":30}},"loc":{"start":{"line":65,"column":48},"end":{"line":98,"column":1}},"line":65},"3":{"name":"(anonymous_3)","decl":{"start":{"line":112,"column":22},"end":{"line":112,"column":23}},"loc":{"start":{"line":112,"column":49},"end":{"line":112,"column":81}},"line":112},"4":{"name":"(anonymous_4)","decl":{"start":{"line":113,"column":2},"end":{"line":113,"column":3}},"loc":{"start":{"line":113,"column":18},"end":{"line":148,"column":3}},"line":113},"5":{"name":"SimpleTabs","decl":{"start":{"line":165,"column":24},"end":{"line":165,"column":34}},"loc":{"start":{"line":165,"column":57},"end":{"line":220,"column":1}},"line":165},"6":{"name":"(anonymous_6)","decl":{"start":{"line":183,"column":23},"end":{"line":183,"column":24}},"loc":{"start":{"line":183,"column":75},"end":{"line":185,"column":3}},"line":183}},"branchMap":{"0":{"loc":{"start":{"line":49,"column":7},"end":{"line":53,"column":7}},"type":"binary-expr","locations":[{"start":{"line":49,"column":7},"end":{"line":49,"column":22}},{"start":{"line":50,"column":8},"end":{"line":52,"column":14}}],"line":49},"1":{"loc":{"start":{"line":213,"column":8},"end":{"line":213,"column":65}},"type":"binary-expr","locations":[{"start":{"line":213,"column":8},"end":{"line":213,"column":13}},{"start":{"line":213,"column":16},"end":{"line":213,"column":65}}],"line":213},"2":{"loc":{"start":{"line":216,"column":8},"end":{"line":216,"column":68}},"type":"binary-expr","locations":[{"start":{"line":216,"column":8},"end":{"line":216,"column":13}},{"start":{"line":216,"column":16},"end":{"line":216,"column":68}}],"line":216}},"s":{"0":3,"1":3,"2":2,"3":2,"4":3,"5":1,"6":3,"7":3,"8":4,"9":4,"10":2,"11":1,"12":1,"13":1,"14":0,"15":1,"16":1,"17":1},"f":{"0":3,"1":2,"2":1,"3":4,"4":4,"5":2,"6":0},"b":{"0":[2,1],"1":[1,1],"2":[1,1]},"_coverageSchema":"1a1c01bbd47fc00a2c39e90264f33305004495a9","hash":"79e655cb946a2bed3968eb332e0ba63916b8cb86"}
,"/home/yashwp/Zemosoo/reactpract/reactappss/Blinklist(Assignment2)/blinklist/src/components/templates/BooksList/BooksList.tsx": {"path":"/home/yashwp/Zemosoo/reactpract/reactappss/Blinklist(Assignment2)/blinklist/src/components/templates/BooksList/BooksList.tsx","statementMap":{"0":{"start":{"line":28,"column":18},"end":{"line":93,"column":3}},"1":{"start":{"line":28,"column":41},"end":{"line":93,"column":1}},"2":{"start":{"line":95,"column":29},"end":{"line":105,"column":3}},"3":{"start":{"line":95,"column":68},"end":{"line":105,"column":1}},"4":{"start":{"line":107,"column":16},"end":{"line":147,"column":1}},"5":{"start":{"line":108,"column":18},"end":{"line":108,"column":29}},"6":{"start":{"line":110,"column":20},"end":{"line":141,"column":4}},"7":{"start":{"line":111,"column":4},"end":{"line":140,"column":17}},"8":{"start":{"line":133,"column":26},"end":{"line":133,"column":44}},"9":{"start":{"line":134,"column":10},"end":{"line":134,"column":41}},"10":{"start":{"line":135,"column":10},"end":{"line":135,"column":36}},"11":{"start":{"line":143,"column":2},"end":{"line":146,"column":74}}},"fnMap":{"0":{"name":"(anonymous_0)","decl":{"start":{"line":28,"column":29},"end":{"line":28,"column":30}},"loc":{"start":{"line":28,"column":41},"end":{"line":93,"column":1}},"line":28},"1":{"name":"(anonymous_1)","decl":{"start":{"line":95,"column":52},"end":{"line":95,"column":53}},"loc":{"start":{"line":95,"column":68},"end":{"line":105,"column":1}},"line":95},"2":{"name":"(anonymous_2)","decl":{"start":{"line":107,"column":16},"end":{"line":107,"column":17}},"loc":{"start":{"line":107,"column":41},"end":{"line":147,"column":1}},"line":107},"3":{"name":"(anonymous_3)","decl":{"start":{"line":110,"column":38},"end":{"line":110,"column":39}},"loc":{"start":{"line":111,"column":4},"end":{"line":140,"column":17}},"line":111},"4":{"name":"(anonymous_4)","decl":{"start":{"line":132,"column":49},"end":{"line":132,"column":50}},"loc":{"start":{"line":132,"column":55},"end":{"line":136,"column":9}},"line":132}},"branchMap":{"0":{"loc":{"start":{"line":99,"column":40},"end":{"line":99,"column":82}},"type":"cond-expr","locations":[{"start":{"line":99,"column":73},"end":{"line":99,"column":76}},{"start":{"line":99,"column":79},"end":{"line":99,"column":82}}],"line":99},"1":{"loc":{"start":{"line":103,"column":21},"end":{"line":103,"column":75}},"type":"cond-expr","locations":[{"start":{"line":103,"column":54},"end":{"line":103,"column":63}},{"start":{"line":103,"column":66},"end":{"line":103,"column":75}}],"line":103},"2":{"loc":{"start":{"line":111,"column":4},"end":{"line":140,"column":17}},"type":"cond-expr","locations":[{"start":{"line":112,"column":4},"end":{"line":140,"column":11}},{"start":{"line":140,"column":13},"end":{"line":140,"column":17}}],"line":111},"3":{"loc":{"start":{"line":111,"column":4},"end":{"line":111,"column":44}},"type":"binary-expr","locations":[{"start":{"line":111,"column":4},"end":{"line":111,"column":25}},{"start":{"line":111,"column":27},"end":{"line":111,"column":44}}],"line":111}},"s":{"0":4,"1":2,"2":4,"3":0,"4":4,"5":3,"6":2,"7":2,"8":0,"9":0,"10":0,"11":2},"f":{"0":2,"1":0,"2":3,"3":2,"4":0},"b":{"0":[0,0],"1":[0,0],"2":[0,2],"3":[2,0]},"_coverageSchema":"1a1c01bbd47fc00a2c39e90264f33305004495a9","hash":"91c6acfa8d9893f89e0ed2ca45c6a18947271ac8"}
,"/home/yashwp/Zemosoo/reactpract/reactappss/Blinklist(Assignment2)/blinklist/src/components/templates/EntraprenaurPage/EntraprenaurPage.tsx": {"path":"/home/yashwp/Zemosoo/reactpract/reactappss/Blinklist(Assignment2)/blinklist/src/components/templates/EntraprenaurPage/EntraprenaurPage.tsx","statementMap":{"0":{"start":{"line":19,"column":18},"end":{"line":100,"column":3}},"1":{"start":{"line":19,"column":41},"end":{"line":100,"column":1}},"2":{"start":{"line":117,"column":18},"end":{"line":117,"column":29}},"3":{"start":{"line":118,"column":30},"end":{"line":118,"column":42}},"4":{"start":{"line":119,"column":30},"end":{"line":119,"column":42}},"5":{"start":{"line":120,"column":14},"end":{"line":120,"column":27}},"6":{"start":{"line":121,"column":17},"end":{"line":121,"column":31}},"7":{"start":{"line":122,"column":16},"end":{"line":122,"column":29}},"8":{"start":{"line":123,"column":22},"end":{"line":125,"column":4}},"9":{"start":{"line":124,"column":4},"end":{"line":124,"column":147}},"10":{"start":{"line":127,"column":20},"end":{"line":183,"column":4}},"11":{"start":{"line":130,"column":4},"end":{"line":182,"column":11}},"12":{"start":{"line":168,"column":36},"end":{"line":168,"column":54}},"13":{"start":{"line":169,"column":20},"end":{"line":169,"column":48}},"14":{"start":{"line":170,"column":20},"end":{"line":170,"column":46}},"15":{"start":{"line":184,"column":2},"end":{"line":215,"column":9}},"16":{"start":{"line":198,"column":11},"end":{"line":198,"column":37}},"17":{"start":{"line":199,"column":11},"end":{"line":199,"column":37}}},"fnMap":{"0":{"name":"(anonymous_0)","decl":{"start":{"line":19,"column":29},"end":{"line":19,"column":30}},"loc":{"start":{"line":19,"column":41},"end":{"line":100,"column":1}},"line":19},"1":{"name":"EntraprenaurPage","decl":{"start":{"line":116,"column":9},"end":{"line":116,"column":25}},"loc":{"start":{"line":116,"column":48},"end":{"line":216,"column":1}},"line":116},"2":{"name":"(anonymous_2)","decl":{"start":{"line":123,"column":39},"end":{"line":123,"column":40}},"loc":{"start":{"line":123,"column":45},"end":{"line":125,"column":3}},"line":123},"3":{"name":"(anonymous_3)","decl":{"start":{"line":127,"column":38},"end":{"line":127,"column":39}},"loc":{"start":{"line":130,"column":4},"end":{"line":182,"column":11}},"line":130},"4":{"name":"(anonymous_4)","decl":{"start":{"line":167,"column":27},"end":{"line":167,"column":28}},"loc":{"start":{"line":167,"column":33},"end":{"line":171,"column":19}},"line":167},"5":{"name":"(anonymous_5)","decl":{"start":{"line":197,"column":61},"end":{"line":197,"column":62}},"loc":{"start":{"line":197,"column":64},"end":{"line":200,"column":9}},"line":197}},"branchMap":{"0":{"loc":{"start":{"line":124,"column":11},"end":{"line":124,"column":147}},"type":"binary-expr","locations":[{"start":{"line":124,"column":11},"end":{"line":124,"column":77}},{"start":{"line":124,"column":79},"end":{"line":124,"column":147}}],"line":124},"1":{"loc":{"start":{"line":150,"column":9},"end":{"line":175,"column":15}},"type":"cond-expr","locations":[{"start":{"line":151,"column":15},"end":{"line":154,"column":21}},{"start":{"line":157,"column":16},"end":{"line":174,"column":25}}],"line":150}},"s":{"0":1,"1":1,"2":2,"3":1,"4":1,"5":1,"6":1,"7":1,"8":1,"9":1,"10":1,"11":1,"12":0,"13":0,"14":0,"15":1,"16":0,"17":0},"f":{"0":1,"1":2,"2":1,"3":1,"4":0,"5":0},"b":{"0":[1,0],"1":[0,1]},"_coverageSchema":"1a1c01bbd47fc00a2c39e90264f33305004495a9","hash":"ff6ef9a56300d6b123dc8d4ddaf22d633f292fd3"}
,"/home/yashwp/Zemosoo/reactpract/reactappss/Blinklist(Assignment2)/blinklist/src/components/templates/FinishedBooks/FinishedBooks.tsx": {"path":"/home/yashwp/Zemosoo/reactpract/reactappss/Blinklist(Assignment2)/blinklist/src/components/templates/FinishedBooks/FinishedBooks.tsx","statementMap":{"0":{"start":{"line":28,"column":18},"end":{"line":84,"column":3}},"1":{"start":{"line":28,"column":41},"end":{"line":84,"column":1}},"2":{"start":{"line":86,"column":29},"end":{"line":96,"column":3}},"3":{"start":{"line":86,"column":68},"end":{"line":96,"column":1}},"4":{"start":{"line":98,"column":20},"end":{"line":139,"column":1}},"5":{"start":{"line":99,"column":18},"end":{"line":99,"column":29}},"6":{"start":{"line":101,"column":20},"end":{"line":133,"column":4}},"7":{"start":{"line":107,"column":4},"end":{"line":132,"column":17}},"8":{"start":{"line":124,"column":26},"end":{"line":124,"column":44}},"9":{"start":{"line":125,"column":10},"end":{"line":125,"column":42}},"10":{"start":{"line":126,"column":10},"end":{"line":126,"column":36}},"11":{"start":{"line":135,"column":2},"end":{"line":138,"column":77}}},"fnMap":{"0":{"name":"(anonymous_0)","decl":{"start":{"line":28,"column":29},"end":{"line":28,"column":30}},"loc":{"start":{"line":28,"column":41},"end":{"line":84,"column":1}},"line":28},"1":{"name":"(anonymous_1)","decl":{"start":{"line":86,"column":52},"end":{"line":86,"column":53}},"loc":{"start":{"line":86,"column":68},"end":{"line":96,"column":1}},"line":86},"2":{"name":"(anonymous_2)","decl":{"start":{"line":98,"column":20},"end":{"line":98,"column":21}},"loc":{"start":{"line":98,"column":45},"end":{"line":139,"column":1}},"line":98},"3":{"name":"(anonymous_3)","decl":{"start":{"line":101,"column":38},"end":{"line":101,"column":39}},"loc":{"start":{"line":107,"column":4},"end":{"line":132,"column":17}},"line":107},"4":{"name":"(anonymous_4)","decl":{"start":{"line":123,"column":49},"end":{"line":123,"column":50}},"loc":{"start":{"line":123,"column":55},"end":{"line":127,"column":9}},"line":123}},"branchMap":{"0":{"loc":{"start":{"line":90,"column":40},"end":{"line":90,"column":82}},"type":"cond-expr","locations":[{"start":{"line":90,"column":73},"end":{"line":90,"column":76}},{"start":{"line":90,"column":79},"end":{"line":90,"column":82}}],"line":90},"1":{"loc":{"start":{"line":94,"column":21},"end":{"line":94,"column":75}},"type":"cond-expr","locations":[{"start":{"line":94,"column":54},"end":{"line":94,"column":63}},{"start":{"line":94,"column":66},"end":{"line":94,"column":75}}],"line":94},"2":{"loc":{"start":{"line":107,"column":4},"end":{"line":132,"column":17}},"type":"cond-expr","locations":[{"start":{"line":108,"column":4},"end":{"line":132,"column":11}},{"start":{"line":132,"column":13},"end":{"line":132,"column":17}}],"line":107}},"s":{"0":4,"1":1,"2":4,"3":1,"4":4,"5":2,"6":1,"7":1,"8":0,"9":0,"10":0,"11":1},"f":{"0":1,"1":1,"2":2,"3":1,"4":0},"b":{"0":[1,0],"1":[1,0],"2":[1,0]},"_coverageSchema":"1a1c01bbd47fc00a2c39e90264f33305004495a9","hash":"e5f2a3359d0db705b6cea087d58c2e7c478aecd3"}
}
