TN:
SF:src/App.tsx
FN:14,(anonymous_0)
FN:58,App
FNF:2
FNH:1
FNDA:0,(anonymous_0)
FNDA:1,App
DA:14,1
DA:60,1
DA:62,1
DA:68,0
LF:4
LH:3
BRDA:62,0,0,1
BRDA:62,0,1,0
BRF:2
BRH:1
end_of_record
TN:
SF:src/components/atoms/ArrowDownIcon/ArrowDownIcon.tsx
FN:3,(anonymous_0)
FNF:1
FNH:1
FNDA:5,(anonymous_0)
DA:3,6
DA:4,5
LF:2
LH:2
BRF:0
BRH:0
end_of_record
TN:
SF:src/components/atoms/Author/Author.tsx
FN:7,(anonymous_0)
FN:17,(anonymous_1)
FNF:2
FNH:2
FNDA:3,(anonymous_0)
FNDA:3,(anonymous_1)
DA:7,7
DA:17,7
DA:18,3
DA:19,3
LF:4
LH:4
BRF:0
BRH:0
end_of_record
TN:
SF:src/components/atoms/Avatar/Avatar.tsx
FN:6,(anonymous_0)
FN:25,(anonymous_1)
FNF:2
FNH:1
FNDA:0,(anonymous_0)
FNDA:4,(anonymous_1)
DA:6,7
DA:7,0
DA:8,0
DA:9,0
DA:11,0
DA:15,7
DA:25,7
DA:26,4
LF:8
LH:4
BRDA:8,0,0,0
BRDA:8,0,1,0
BRF:2
BRH:0
end_of_record
TN:
SF:src/components/atoms/BlinkListLogo/BlinkListLogo.tsx
FN:2,BlinkListLogo
FNF:1
FNH:1
FNDA:4,BlinkListLogo
DA:3,4
LF:1
LH:1
BRF:0
BRH:0
end_of_record
TN:
SF:src/components/atoms/BookTitle/BookTitle.tsx
FN:7,(anonymous_0)
FN:17,(anonymous_1)
FNF:2
FNH:2
FNDA:3,(anonymous_0)
FNDA:3,(anonymous_1)
DA:7,7
DA:17,7
DA:18,3
DA:19,3
LF:4
LH:4
BRF:0
BRH:0
end_of_record
TN:
SF:src/components/atoms/Button007/Button007.tsx
FN:8,(anonymous_0)
FNF:1
FNH:1
FNDA:1,(anonymous_0)
DA:8,1
DA:10,1
LF:2
LH:2
BRF:0
BRH:0
end_of_record
TN:
SF:src/components/atoms/More/More.tsx
FN:5,(anonymous_0)
FN:13,(anonymous_1)
FNF:2
FNH:2
FNDA:1,(anonymous_0)
FNDA:1,(anonymous_1)
DA:5,2
DA:13,2
DA:14,1
DA:15,1
LF:4
LH:4
BRF:0
BRH:0
end_of_record
TN:
SF:src/components/atoms/MyLibraryHeading/MyLibraryHeading.tsx
FN:2,(anonymous_0)
FNF:1
FNH:1
FNDA:2,(anonymous_0)
DA:2,4
DA:4,2
LF:2
LH:2
BRF:0
BRH:0
end_of_record
TN:
SF:src/components/atoms/SearchIcon/SearchIcon.tsx
FN:4,(anonymous_0)
FNF:1
FNH:1
FNDA:3,(anonymous_0)
DA:4,6
DA:5,3
LF:2
LH:2
BRF:0
BRH:0
end_of_record
TN:
SF:src/components/molecules/AvatarDropDown/AvatarDropDown.tsx
FN:5,(anonymous_0)
FNF:1
FNH:1
FNDA:3,(anonymous_0)
DA:5,6
DA:6,3
LF:2
LH:2
BRF:0
BRH:0
end_of_record
TN:
SF:src/components/molecules/EntraprenaurExplore/EntraprenaurExplore.tsx
FN:3,EntraprenaurExplore
FNF:1
FNH:1
FNDA:2,EntraprenaurExplore
DA:4,2
LF:1
LH:1
BRF:0
BRH:0
end_of_record
TN:
SF:src/components/molecules/LoginButton/LoginButton.tsx
FN:4,(anonymous_0)
FN:7,(anonymous_1)
FNF:2
FNH:1
FNDA:1,(anonymous_0)
FNDA:0,(anonymous_1)
DA:4,3
DA:5,1
DA:7,1
LF:3
LH:3
BRF:0
BRH:0
end_of_record
TN:
SF:src/components/molecules/LogoutButton/LogoutButton.tsx
FN:4,(anonymous_0)
FN:8,(anonymous_1)
FNF:2
FNH:1
FNDA:5,(anonymous_0)
FNDA:0,(anonymous_1)
DA:4,8
DA:5,5
DA:7,5
DA:8,0
LF:4
LH:3
BRF:0
BRH:0
end_of_record
TN:
SF:src/components/molecules/NavDropDown/NavDropDown.tsx
FN:2,(anonymous_0)
FNF:1
FNH:1
FNDA:3,(anonymous_0)
DA:2,6
DA:3,3
LF:2
LH:2
BRF:0
BRH:0
end_of_record
TN:
SF:src/components/molecules/ReadTime/ReadTime.tsx
FN:13,(anonymous_0)
FN:60,(anonymous_1)
FNF:2
FNH:2
FNDA:3,(anonymous_0)
FNDA:3,(anonymous_1)
DA:13,7
DA:60,7
DA:62,3
DA:63,3
LF:4
LH:4
BRF:0
BRH:0
end_of_record
TN:
SF:src/components/organisms/BookPage/BookPage.tsx
FN:24,(anonymous_0)
FN:174,BookPage
FN:188,(anonymous_2)
FN:249,(anonymous_3)
FN:271,(anonymous_4)
FNF:5
FNH:3
FNDA:1,(anonymous_0)
FNDA:3,BookPage
FNDA:2,(anonymous_2)
FNDA:0,(anonymous_3)
FNDA:0,(anonymous_4)
DA:24,1
DA:114,1
DA:136,1
DA:175,3
DA:177,2
DA:188,2
DA:189,2
DA:192,2
DA:194,0
DA:250,0
DA:251,0
DA:252,0
DA:253,0
DA:272,0
DA:273,0
DA:274,0
DA:275,0
LF:17
LH:8
BRDA:248,0,0,0
BRDA:248,0,1,0
BRDA:270,1,0,0
BRDA:270,1,1,0
BRF:4
BRH:0
end_of_record
TN:
SF:src/components/organisms/BooksTabs/BooksTabs.tsx
FN:36,BookTabPanel
FN:56,a11yPropsBook
FN:63,BookTabs
FN:67,(anonymous_3)
FNF:4
FNH:3
FNDA:4,BookTabPanel
FNDA:3,a11yPropsBook
FNDA:2,BookTabs
FNDA:0,(anonymous_3)
DA:9,2
DA:37,4
DA:39,3
DA:57,3
DA:64,2
DA:65,1
DA:67,1
DA:68,0
DA:71,1
LF:9
LH:8
BRDA:47,0,0,3
BRDA:47,0,1,1
BRF:2
BRH:2
end_of_record
TN:
SF:src/components/organisms/ExploreBox/ExploreBox.tsx
FN:18,(anonymous_0)
FN:31,(anonymous_1)
FN:64,(anonymous_2)
FN:69,(anonymous_3)
FN:74,(anonymous_4)
FNF:5
FNH:2
FNDA:0,(anonymous_0)
FNDA:3,(anonymous_1)
FNDA:0,(anonymous_2)
FNDA:0,(anonymous_3)
FNDA:3,(anonymous_4)
DA:18,6
DA:25,6
DA:31,6
DA:54,6
DA:64,6
DA:65,0
DA:66,0
DA:69,6
DA:70,0
DA:71,0
DA:74,6
DA:75,3
DA:76,3
LF:13
LH:9
BRF:0
BRH:0
end_of_record
TN:
SF:src/components/organisms/Footer/Footer.tsx
FN:10,(anonymous_0)
FN:23,Footer
FNF:2
FNH:2
FNDA:2,(anonymous_0)
FNDA:2,Footer
DA:10,5
DA:24,2
DA:25,2
LF:3
LH:3
BRF:0
BRH:0
end_of_record
TN:
SF:src/components/organisms/Header/Header.tsx
FN:16,(anonymous_0)
FN:38,(anonymous_1)
FN:59,Header
FNF:3
FNH:2
FNDA:0,(anonymous_0)
FNDA:2,(anonymous_1)
FNDA:2,Header
DA:16,5
DA:17,0
DA:18,0
DA:19,0
DA:21,0
DA:28,5
DA:38,5
DA:60,2
DA:62,2
LF:9
LH:5
BRDA:18,0,0,0
BRDA:18,0,1,0
BRF:2
BRH:0
end_of_record
TN:
SF:src/components/organisms/MainPage/MainPage.tsx
FN:18,(anonymous_0)
FN:72,MainPage
FNF:2
FNH:1
FNDA:0,(anonymous_0)
FNDA:1,MainPage
DA:18,2
DA:74,1
DA:76,1
DA:79,0
DA:82,0
DA:84,0
LF:6
LH:3
BRDA:76,0,0,1
BRDA:76,0,1,0
BRDA:85,1,0,0
BRDA:85,1,1,0
BRF:4
BRH:1
end_of_record
TN:
SF:src/components/organisms/SimpleTabs/SimpleTabs.tsx
FN:36,TabPanel
FN:58,a11yProps
FN:65,(anonymous_2)
FN:112,(anonymous_3)
FN:113,(anonymous_4)
FN:165,SimpleTabs
FN:183,(anonymous_6)
FNF:7
FNH:6
FNDA:3,TabPanel
FNDA:2,a11yProps
FNDA:1,(anonymous_2)
FNDA:4,(anonymous_3)
FNDA:4,(anonymous_4)
FNDA:2,SimpleTabs
FNDA:0,(anonymous_6)
DA:19,3
DA:37,3
DA:41,2
DA:59,2
DA:65,3
DA:100,3
DA:112,4
DA:113,4
DA:166,2
DA:167,1
DA:168,1
DA:183,1
DA:184,0
DA:188,1
DA:189,1
DA:190,1
LF:16
LH:15
BRDA:49,0,0,2
BRDA:49,0,1,1
BRDA:213,1,0,1
BRDA:213,1,1,1
BRDA:216,2,0,1
BRDA:216,2,1,1
BRF:6
BRH:6
end_of_record
TN:
SF:src/components/templates/BooksList/BooksList.tsx
FN:28,(anonymous_0)
FN:95,(anonymous_1)
FN:107,(anonymous_2)
FN:110,(anonymous_3)
FN:132,(anonymous_4)
FNF:5
FNH:3
FNDA:2,(anonymous_0)
FNDA:0,(anonymous_1)
FNDA:3,(anonymous_2)
FNDA:2,(anonymous_3)
FNDA:0,(anonymous_4)
DA:28,4
DA:95,4
DA:107,4
DA:108,3
DA:110,2
DA:111,2
DA:133,0
DA:134,0
DA:135,0
DA:143,2
LF:10
LH:7
BRDA:99,0,0,0
BRDA:99,0,1,0
BRDA:103,1,0,0
BRDA:103,1,1,0
BRDA:111,2,0,0
BRDA:111,2,1,2
BRDA:111,3,0,2
BRDA:111,3,1,0
BRF:8
BRH:2
end_of_record
TN:
SF:src/components/templates/EntraprenaurPage/EntraprenaurPage.tsx
FN:19,(anonymous_0)
FN:116,EntraprenaurPage
FN:123,(anonymous_2)
FN:127,(anonymous_3)
FN:167,(anonymous_4)
FN:197,(anonymous_5)
FNF:6
FNH:4
FNDA:1,(anonymous_0)
FNDA:2,EntraprenaurPage
FNDA:1,(anonymous_2)
FNDA:1,(anonymous_3)
FNDA:0,(anonymous_4)
FNDA:0,(anonymous_5)
DA:19,1
DA:117,2
DA:118,1
DA:119,1
DA:120,1
DA:121,1
DA:122,1
DA:123,1
DA:124,1
DA:127,1
DA:130,1
DA:168,0
DA:169,0
DA:170,0
DA:184,1
DA:198,0
DA:199,0
LF:17
LH:12
BRDA:124,0,0,1
BRDA:124,0,1,0
BRDA:150,1,0,0
BRDA:150,1,1,1
BRF:4
BRH:2
end_of_record
TN:
SF:src/components/templates/FinishedBooks/FinishedBooks.tsx
FN:28,(anonymous_0)
FN:86,(anonymous_1)
FN:98,(anonymous_2)
FN:101,(anonymous_3)
FN:123,(anonymous_4)
FNF:5
FNH:4
FNDA:1,(anonymous_0)
FNDA:1,(anonymous_1)
FNDA:2,(anonymous_2)
FNDA:1,(anonymous_3)
FNDA:0,(anonymous_4)
DA:28,4
DA:86,4
DA:98,4
DA:99,2
DA:101,1
DA:107,1
DA:124,0
DA:125,0
DA:126,0
DA:135,1
LF:10
LH:7
BRDA:90,0,0,1
BRDA:90,0,1,0
BRDA:94,1,0,1
BRDA:94,1,1,0
BRDA:107,2,0,1
BRDA:107,2,1,0
BRF:6
BRH:3
end_of_record
